Added Component: Designator=USB2(USB-C-SMD_TYPEC-304-BCP16)
Add component (AddParameter): Name = "BOM_JLCPCB Part Class"; Value = "Extended Part"; VariantName = "[No Variations]"
Add component (AddParameter): Name = "BOM_Manufacturer"; Value = "XUNPU"; VariantName = "[No Variations]"
Add component (AddParameter): Name = "BOM_Manufacturer Part"; Value = "TYPEC-304-BCP16"; VariantName = "[No Variations]"
Add component (AddParameter): Name = "BOM_Supplier"; Value = "LCSC"; VariantName = "[No Variations]"
Add component (AddParameter): Name = "BOM_Supplier Part"; Value = "C720629"; VariantName = "[No Variations]"
Add component (AddParameter): Name = "Contributor"; Value = "LCSC"; VariantName = "[No Variations]"
Add component (AddParameter): Name = "spicePre"; Value = "U"; VariantName = "[No Variations]"
Add component (AddParameter): Name = "spiceSymbolName"; Value = "TYPEC-304-BCP16"; VariantName = "[No Variations]"
Added Pin To Net: NetName=GND Pin=USB2-13
Added Pin To Net: NetName=GND Pin=USB2-14
Added Pin To Net: NetName=GND Pin=USB2-15
Added Pin To Net: NetName=GND Pin=USB2-16
Added Pin To Net: NetName=GND Pin=USB2-A1B12
Added Pin To Net: NetName=VBUS Pin=USB2-A4B9
Added Pin To Net: NetName=CC1 Pin=USB2-A5
Added Pin To Net: NetName=D+ Pin=USB2-A6
Added Pin To Net: NetName=D- Pin=USB2-A7
Added Pin To Net: NetName=GND Pin=USB2-B1A12
Added Pin To Net: NetName=VBUS Pin=USB2-B4A9
Added Pin To Net: NetName=CC2 Pin=USB2-B5
Added Pin To Net: NetName=D+ Pin=USB2-B6
Added Pin To Net: NetName=D- Pin=USB2-B7
Added Member To Class: ClassName=Front(LDR) Member=Component USB2 TYPEC-304-BCP16
Added Room: Name=Control
Added Room: Name=Front(LDR)
Added Room: Name=VoltageRegulator
