Removed Pin From Net: NetName=NetC6_1 Pin=U1-35
Removed Pin From Net: NetName=NetC6_1 Pin=U1-47
Added Component: Designator=C28(0805C)
Add component (AddParameter): Name = "Reviewed by"; Value = "RM - 2018/08/05"; VariantName = "[No Variations]"
Add component (AddParameter): Name = "Revision"; Value = "July-2002: Re-released for DXP Platform."; VariantName = "[No Variations]"
Add component (AddParameter): Name = "Supplier 1"; Value = ""; VariantName = "[No Variations]"
Add component (AddParameter): Name = "Supplier Part Number 1"; Value = ""; VariantName = "[No Variations]"
Add component (AddParameter): Name = "Value"; Value = "2.2nF"; VariantName = "[No Variations]"
Added Component: Designator=C29(0805C)
Add component (AddParameter): Name = "Reviewed by"; Value = "RM - 2018/08/05"; VariantName = "[No Variations]"
Add component (AddParameter): Name = "Revision"; Value = "July-2002: Re-released for DXP Platform."; VariantName = "[No Variations]"
Add component (AddParameter): Name = "Supplier 1"; Value = ""; VariantName = "[No Variations]"
Add component (AddParameter): Name = "Supplier Part Number 1"; Value = ""; VariantName = "[No Variations]"
Add component (AddParameter): Name = "Value"; Value = "2.2nF"; VariantName = "[No Variations]"
Added Pin To Net: NetName=GND Pin=C28-2
Added Pin To Net: NetName=GND Pin=C29-2
Added Pin To Net: NetName=NetC23_1 Pin=R35-1
Added Pin To Net: NetName=NetC23_1 Pin=R36-2
Added Pin To Net: NetName=NetC28_1 Pin=C28-1
Added Pin To Net: NetName=NetC28_1 Pin=U1-35
Added Net: Name=NetC28_1
Added Pin To Net: NetName=NetC29_1 Pin=C29-1
Added Pin To Net: NetName=NetC29_1 Pin=U1-47
Added Net: Name=NetC29_1
Added Member To Class: ClassName=Control Member=Component C1 0.1uF
Added Member To Class: ClassName=Control Member=Component C2 0.1uF
Added Member To Class: ClassName=Control Member=Component C28 2.2nF
Added Member To Class: ClassName=Control Member=Component C29 2.2nF
Added Member To Class: ClassName=Control Member=Component U1 STM32F334C6T6
Added Room: Name=Control
Added Room: Name=Front(LDR)
Added Room: Name=VoltageRegulator
